[2014-05-06 11:15:45]	Error read file
[2014-05-06 11:15:45]	txt2\^^两^^λ^^奶爸玩赛车^^ ^^陈羽凡文章都很紧张^^.txt
[2014-05-06 11:15:45]	Error read file
[2014-05-06 11:15:45]	txt2\^^新闻^^1.txt
[2014-05-06 11:18:31]	Error read file
[2014-05-06 11:18:31]	txt2\^^两^^λ^^奶爸玩赛车^^ ^^陈羽凡文章都很紧张^^.txt
[2014-05-06 11:18:31]	Error read file
[2014-05-06 11:18:31]	txt2\^^新闻^^1.txt
[2014-05-06 11:19:13]	Error read file
[2014-05-06 11:19:13]	txt2\^^两^^λ^^奶爸玩赛车^^ ^^陈羽凡文章都很紧张^^.txt
[2014-05-06 11:19:13]	Error read file
[2014-05-06 11:19:13]	txt2\^^新闻^^1.txt
[2014-05-06 11:23:41]	Error read file
[2014-05-06 11:23:41]	txt2\^^两^^λ^^奶爸玩赛车^^ ^^陈羽凡文章都很紧张^^.txt
[2014-05-06 11:23:41]	Error read file
[2014-05-06 11:23:41]	txt2\^^新闻^^1.txt
[2014-05-06 11:24:00]	Error read file
[2014-05-06 11:24:00]	txt2\^^两^^λ^^奶爸玩赛车^^ ^^陈羽凡文章都很紧张^^.txt
[2014-05-06 11:24:00]	Error read file
[2014-05-06 11:24:00]	txt2\^^新闻^^1.txt
[2014-05-06 11:27:10]	Error read file
[2014-05-06 11:27:10]	txt2\^^两^^λ^^奶爸玩赛车^^ ^^陈羽凡文章都很紧张^^.txt
[2014-05-06 11:27:10]	Error read file
[2014-05-06 11:27:10]	txt2\^^新闻^^1.txt
[2014-05-06 11:45:07]	Error read file
[2014-05-06 11:45:07]	txt2\^^两^^λ^^奶爸玩赛车^^ ^^陈羽凡文章都很紧张^^.txt
[2014-05-06 11:45:07]	Error read file
[2014-05-06 11:45:07]	txt2\^^新闻^^1.txt
[2014-05-06 11:58:24]	Error read file
[2014-05-06 11:58:24]	txt2\^^两^^λ^^奶爸玩赛车^^ ^^陈羽凡文章都很紧张^^.txt
[2014-05-06 11:58:24]	Error read file
[2014-05-06 11:58:24]	txt2\^^新闻^^1.txt
[2014-05-06 13:34:30]	Error read file
[2014-05-06 13:34:30]	txt2\谤m骚啄`^^赛^^陬 麻歇`c饮竭mK.txt
[2014-05-06 13:34:30]	Error read file
[2014-05-06 13:34:30]	txt2\陔j1.txt
[2014-05-06 13:43:20]	Error read file
[2014-05-06 13:43:20]	txt2\^^两^^λ^^奶爸玩赛车^^ ^^陈羽凡文章都很紧张^^.txt
[2014-05-06 13:43:20]	Error read file
[2014-05-06 13:43:20]	txt2\^^新闻^^1.txt
[2014-05-06 13:49:18]	Error read file
[2014-05-06 13:49:18]	txt2\^^两^^λ^^奶爸玩赛车^^ ^^陈羽凡文章都很紧张^^.txt
[2014-05-06 13:49:18]	Error read file
[2014-05-06 13:49:18]	txt2\^^新闻^^1.txt
[2014-05-06 13:50:03]	Error read file
[2014-05-06 13:50:03]	txt2\谤m骚啄`^^赛^^陬 麻歇`c饮竭mK.txt
[2014-05-06 13:50:03]	Error read file
[2014-05-06 13:50:03]	txt2\陔j1.txt
[2014-05-06 13:50:23]	Parameter fSumRate and iSumLen are invalid!
[2014-05-06 13:50:23]	Error read file
[2014-05-06 13:50:23]	txt2\^^两^^λ^^奶爸玩赛车^^ ^^陈羽凡文章都很紧张^^.txt
[2014-05-06 13:50:23]	Error read file
[2014-05-06 13:50:23]	txt2\^^新闻^^1.txt
[2014-05-06 13:51:23]	Error read file
[2014-05-06 13:51:23]	txt2\^^两^^λ^^奶爸玩赛车^^ ^^陈羽凡文章都很紧张^^.txt
[2014-05-06 13:51:23]	Error read file
[2014-05-06 13:51:23]	txt2\^^新闻^^1.txt
[2014-05-06 14:51:22]	Error read file
[2014-05-06 14:51:22]	txt2\^^两^^λ^^奶爸玩赛车^^ ^^陈羽凡文章都很紧张^^.txt
[2014-05-06 14:51:22]	Error read file
[2014-05-06 14:51:22]	txt2\^^新闻^^1.txt
[2014-05-06 14:52:10]	Error read file
[2014-05-06 14:52:10]	txt2\谤m骚啄`^^赛^^陬 麻歇`c饮竭mK.txt
[2014-05-06 14:52:10]	Error read file
[2014-05-06 14:52:10]	txt2\陔j1.txt
[2014-05-06 14:52:28]	Error read file
[2014-05-06 14:52:28]	txt2\^^两^^λ^^奶爸玩赛车^^ ^^陈羽凡文章都很紧张^^.txt
[2014-05-06 14:52:28]	Error read file
[2014-05-06 14:52:28]	txt2\^^新闻^^1.txt
[2014-05-06 15:02:55]	Error read file
[2014-05-06 15:02:55]	txt2\^^两^^λ^^奶爸玩赛车^^ ^^陈羽凡文章都很紧张^^.txt
[2014-05-06 15:02:55]	Error read file
[2014-05-06 15:02:55]	txt2\^^新闻^^1.txt
[2014-05-06 15:04:14]	Error read file
[2014-05-06 15:04:14]	txt2\谤m骚啄`^^赛^^陬 麻歇`c饮竭mK.txt
[2014-05-06 15:04:14]	Error read file
[2014-05-06 15:04:14]	txt2\陔j1.txt
[2014-05-06 15:08:01]	Error read file
[2014-05-06 15:08:01]	^^哈哈\两^^λ^^奶爸玩赛车^^ ^^陈羽凡文章都很紧张^^.txt
[2014-05-06 15:08:47]	Error read file
[2014-05-06 15:08:47]	txt2\^^两^^λ^^奶爸玩赛车^^ ^^陈羽凡文章都很紧张^^.txt
[2014-05-06 15:08:47]	Error read file
[2014-05-06 15:08:47]	txt2\^^新闻^^1.txt
[2014-05-06 15:14:47]	Error read file
[2014-05-06 15:14:47]	txt2\^^两^^λ^^奶爸玩赛车^^ ^^陈羽凡文章都很紧张^^.txt
[2014-05-06 15:14:47]	Error read file
[2014-05-06 15:14:47]	txt2\^^新闻^^1.txt
[2014-05-06 15:15:06]	Error read file
[2014-05-06 15:15:06]	txt2\谤m骚啄`^^赛^^陬 麻歇`c饮竭mK.txt
[2014-05-06 15:15:06]	Error read file
[2014-05-06 15:15:06]	txt2\陔j1.txt
[2014-05-06 15:39:20]	Error read file
[2014-05-06 15:39:20]	txt2\谤m骚啄`^^赛^^陬 麻歇`c饮竭mK.txt
[2014-05-06 15:39:20]	Error read file
[2014-05-06 15:39:20]	txt2\陔j1.txt
[2014-05-06 15:39:39]	Error read file
[2014-05-06 15:39:39]	txt2\^^两^^λ^^奶爸玩赛车^^ ^^陈羽凡文章都很紧张^^.txt
[2014-05-06 15:39:39]	Error read file
[2014-05-06 15:39:39]	txt2\^^新闻^^1.txt
[2014-05-06 16:00:54]	Error read file
[2014-05-06 16:00:54]	txt2\^^两^^λ^^奶爸玩赛车^^ ^^陈羽凡文章都很紧张^^.txt
[2014-05-06 16:00:54]	Error read file
[2014-05-06 16:00:54]	txt2\^^新闻^^1.txt
[2014-05-06 16:01:52]	Error read file
[2014-05-06 16:01:52]	txt2\谤m骚啄`^^赛^^陬 麻歇`c饮竭mK.txt
[2014-05-06 16:01:52]	Error read file
[2014-05-06 16:01:52]	txt2\陔j1.txt
[2014-05-06 16:02:21]	Error read file
[2014-05-06 16:02:21]	txt2\谤m骚啄`^^赛^^陬 麻歇`c饮竭mK.txt
[2014-05-06 16:02:21]	Error read file
[2014-05-06 16:02:21]	txt2\陔j1.txt
[2014-05-06 16:03:29]	Error read file
[2014-05-06 16:03:29]	txt2\谤m骚啄`^^赛^^陬 麻歇`c饮竭mK.txt
[2014-05-06 16:03:29]	Error read file
[2014-05-06 16:03:29]	txt2\陔j1.txt
[2014-05-06 16:15:03]	Error read file
[2014-05-06 16:15:03]	txt2\谤m骚啄`^^赛^^陬 麻歇`c饮竭mK.txt
[2014-05-06 16:15:03]	Error read file
[2014-05-06 16:15:03]	txt2\陔j1.txt
[2014-05-06 16:16:08]	Error read file
[2014-05-06 16:16:08]	txt2\^^两^^λ^^奶爸玩赛车^^ ^^陈羽凡文章都很紧张^^.txt
[2014-05-06 16:16:08]	Error read file
[2014-05-06 16:16:08]	txt2\^^新闻^^1.txt
[2014-05-06 16:18:55]	Error read file
[2014-05-06 16:18:55]	txt2\谤m骚啄`^^赛^^陬 麻歇`c饮竭mK.txt
[2014-05-06 16:21:07]	Error read file
[2014-05-06 16:21:07]	txt2\谤m骚啄`^^赛^^陬 麻歇`c饮竭mK.txt
[2014-05-06 16:22:42]	Error read file
[2014-05-06 16:22:42]	txt2\谤m骚啄`^^赛^^陬 麻歇`c饮竭mK.txt
[2014-05-06 16:22:42]	Error read file
[2014-05-06 16:22:42]	txt2\谤m骚啄`^^赛^^陬 麻歇`c饮竭mK.txt
[2014-05-06 16:45:30]	Error read file
[2014-05-06 16:45:30]	txt2\谤m骚啄`^^赛^^陬 麻歇`c饮竭mK.txt
[2014-05-06 16:45:30]	Error read file
[2014-05-06 16:45:30]	txt2\陔j1.txt
[2014-05-06 16:46:31]	Error read file
[2014-05-06 16:46:31]	txt2\^^两^^λ^^奶爸玩赛车^^ ^^陈羽凡文章都很紧张^^.txt
[2014-05-06 16:46:31]	Error read file
[2014-05-06 16:46:31]	txt2\^^新闻^^1.txt
[2014-05-06 16:46:50]	Error read file
[2014-05-06 16:46:50]	txt2\谤m骚啄`^^赛^^陬 麻歇`c饮竭mK.txt
[2014-05-06 16:46:50]	Error read file
[2014-05-06 16:46:50]	txt2\陔j1.txt
[2014-05-06 16:47:20]	Error read file
[2014-05-06 16:47:20]	txt2\^^两^^λ^^奶爸玩赛车^^ ^^陈羽凡文章都很紧张^^.txt
[2014-05-06 16:47:20]	Error read file
[2014-05-06 16:47:20]	txt2\^^新闻^^1.txt
